# JRE version: Java(TM) SE Runtime Environment (13.0.1+9) (build 13.0.1+9)
# Java VM: Java HotSpot(TM) 64-Bit Server VM (13.0.1+9, mixed mode, sharing, tiered, compressed oops, g1 gc, windows-amd64)
Heap:
 garbage-first heap   total 152576K, used 88343K [0x00000000c1200000, 0x0000000100000000)
  region size 1024K, 2 young (2048K), 1 survivors (1024K)
 Metaspace       used 9227K, capacity 9483K, committed 9600K, reserved 1058816K
  class space    used 973K, capacity 1081K, committed 1152K, reserved 1048576K
GC Heap History (14 events):
Event: 0.926 GC heap before
{Heap before GC invocations=0 (full 0):
 garbage-first heap   total 65536K, used 13312K [0x00000000c1200000, 0x0000000100000000)
  region size 1024K, 8 young (8192K), 0 survivors (0K)
 Metaspace       used 8366K, capacity 8613K, committed 8832K, reserved 1056768K
  class space    used 931K, capacity 1047K, committed 1152K, reserved 1048576K
}
Event: 0.939 GC heap after
{Heap after GC invocations=1 (full 0):
 garbage-first heap   total 65536K, used 8414K [0x00000000c1200000, 0x0000000100000000)
  region size 1024K, 2 young (2048K), 2 survivors (2048K)
 Metaspace       used 8366K, capacity 8613K, committed 8832K, reserved 1056768K
  class space    used 931K, capacity 1047K, committed 1152K, reserved 1048576K
}
Event: 1.126 GC heap before
{Heap before GC invocations=2 (full 0):
 garbage-first heap   total 76800K, used 49374K [0x00000000c1200000, 0x0000000100000000)
  region size 1024K, 9 young (9216K), 2 survivors (2048K)
 Metaspace       used 8615K, capacity 8905K, committed 9088K, reserved 1056768K
  class space    used 955K, capacity 1080K, committed 1152K, reserved 1048576K
}
Event: 1.136 GC heap after
{Heap after GC invocations=3 (full 0):
 garbage-first heap   total 76800K, used 44421K [0x00000000c1200000, 0x0000000100000000)
  region size 1024K, 3 young (3072K), 3 survivors (3072K)
 Metaspace       used 8615K, capacity 8905K, committed 9088K, reserved 1056768K
  class space    used 955K, capacity 1080K, committed 1152K, reserved 1048576K
}
Event: 1.332 GC heap before
{Heap before GC invocations=4 (full 0):
 garbage-first heap   total 86016K, used 58757K [0x00000000c1200000, 0x0000000100000000)
  region size 1024K, 13 young (13312K), 3 survivors (3072K)
 Metaspace       used 8701K, capacity 8969K, committed 9088K, reserved 1056768K
  class space    used 962K, capacity 1080K, committed 1152K, reserved 1048576K
}
Event: 1.338 GC heap after
{Heap after GC invocations=5 (full 0):
 garbage-first heap   total 86016K, used 49723K [0x00000000c1200000, 0x0000000100000000)
  region size 1024K, 1 young (1024K), 1 survivors (1024K)
 Metaspace       used 8701K, capacity 8969K, committed 9088K, reserved 1056768K
  class space    used 962K, capacity 1080K, committed 1152K, reserved 1048576K
}
Event: 1.714 GC heap before
{Heap before GC invocations=5 (full 0):
 garbage-first heap   total 86016K, used 66107K [0x00000000c1200000, 0x0000000100000000)
  region size 1024K, 18 young (18432K), 1 survivors (1024K)
 Metaspace       used 8867K, capacity 9161K, committed 9344K, reserved 1056768K
  class space    used 962K, capacity 1080K, committed 1152K, reserved 1048576K
}
Event: 1.716 GC heap after
{Heap after GC invocations=6 (full 0):
 garbage-first heap   total 86016K, used 49486K [0x00000000c1200000, 0x0000000100000000)
  region size 1024K, 1 young (1024K), 1 survivors (1024K)
 Metaspace       used 8867K, capacity 9161K, committed 9344K, reserved 1056768K
  class space    used 962K, capacity 1080K, committed 1152K, reserved 1048576K
}
Event: 2.681 GC heap before
{Heap before GC invocations=7 (full 0):
 garbage-first heap   total 86016K, used 48462K [0x00000000c1200000, 0x0000000100000000)
  region size 1024K, 7 young (7168K), 1 survivors (1024K)
 Metaspace       used 9073K, capacity 9353K, committed 9600K, reserved 1058816K
  class space    used 967K, capacity 1080K, committed 1152K, reserved 1048576K
}
Event: 2.683 GC heap after
{Heap after GC invocations=8 (full 0):
 garbage-first heap   total 86016K, used 44340K [0x00000000c1200000, 0x0000000100000000)
  region size 1024K, 1 young (1024K), 1 survivors (1024K)
 Metaspace       used 9073K, capacity 9353K, committed 9600K, reserved 1058816K
  class space    used 967K, capacity 1080K, committed 1152K, reserved 1048576K
}
Event: 99.702 GC heap before
{Heap before GC invocations=9 (full 0):
 garbage-first heap   total 109568K, used 65844K [0x00000000c1200000, 0x0000000100000000)
  region size 1024K, 5 young (5120K), 1 survivors (1024K)
 Metaspace       used 9225K, capacity 9483K, committed 9600K, reserved 1058816K
  class space    used 973K, capacity 1081K, committed 1152K, reserved 1048576K
}
Event: 99.733 GC heap after
{Heap after GC invocations=10 (full 0):
 garbage-first heap   total 109568K, used 62745K [0x00000000c1200000, 0x0000000100000000)
  region size 1024K, 1 young (1024K), 1 survivors (1024K)
 Metaspace       used 9225K, capacity 9483K, committed 9600K, reserved 1058816K
  class space    used 973K, capacity 1081K, committed 1152K, reserved 1048576K
}
Event: 99.899 GC heap before
{Heap before GC invocations=11 (full 0):
 garbage-first heap   total 117760K, used 67865K [0x00000000c1200000, 0x0000000100000000)
  region size 1024K, 2 young (2048K), 1 survivors (1024K)
 Metaspace       used 9227K, capacity 9483K, committed 9600K, reserved 1058816K
  class space    used 973K, capacity 1081K, committed 1152K, reserved 1048576K
}
Event: 99.900 GC heap after
{Heap after GC invocations=12 (full 0):
 garbage-first heap   total 117760K, used 67863K [0x00000000c1200000, 0x0000000100000000)
  region size 1024K, 1 young (1024K), 1 survivors (1024K)
 Metaspace       used 9227K, capacity 9483K, committed 9600K, reserved 1058816K
  class space    used 973K, capacity 1081K, committed 1152K, reserved 1048576K
}

